Determining if the include file syscall.h exists failed with the following output:
Change Dir: /Users/delilah/CLionProjects/PeterDB-template/cmake-build-debug/googlelog-prefix/src/googlelog-build/CMakeFiles/CMakeTmp

Run Build Command(s):/usr/bin/make cmTC_aecd7/fast && /Applications/Xcode.app/Contents/Developer/usr/bin/make  -f CMakeFiles/cmTC_aecd7.dir/build.make CMakeFiles/cmTC_aecd7.dir/build
Building C object CMakeFiles/cmTC_aecd7.dir/CheckIncludeFile.c.o
/Applications/Xcode.app/Contents/Developer/Toolchains/XcodeDefault.xctoolchain/usr/bin/cc   -isysroot /Applications/Xcode.app/Contents/Developer/Platforms/MacOSX.platform/Developer/SDKs/MacOSX10.15.sdk   -o CMakeFiles/cmTC_aecd7.dir/CheckIncludeFile.c.o   -c /Users/delilah/CLionProjects/PeterDB-template/cmake-build-debug/googlelog-prefix/src/googlelog-build/CMakeFiles/CMakeTmp/CheckIncludeFile.c
/Users/delilah/CLionProjects/PeterDB-template/cmake-build-debug/googlelog-prefix/src/googlelog-build/CMakeFiles/CMakeTmp/CheckIncludeFile.c:1:10: fatal error: 'syscall.h' file not found
#include <syscall.h>
         ^~~~~~~~~~~
1 error generated.
make[5]: *** [CMakeFiles/cmTC_aecd7.dir/CheckIncludeFile.c.o] Error 1
make[4]: *** [cmTC_aecd7/fast] Error 2



Determining if the include file ucontext.h exists failed with the following output:
Change Dir: /Users/delilah/CLionProjects/PeterDB-template/cmake-build-debug/googlelog-prefix/src/googlelog-build/CMakeFiles/CMakeTmp

Run Build Command(s):/usr/bin/make cmTC_1cba1/fast && /Applications/Xcode.app/Contents/Developer/usr/bin/make  -f CMakeFiles/cmTC_1cba1.dir/build.make CMakeFiles/cmTC_1cba1.dir/build
Building C object CMakeFiles/cmTC_1cba1.dir/CheckIncludeFile.c.o
/Applications/Xcode.app/Contents/Developer/Toolchains/XcodeDefault.xctoolchain/usr/bin/cc   -isysroot /Applications/Xcode.app/Contents/Developer/Platforms/MacOSX.platform/Developer/SDKs/MacOSX10.15.sdk   -o CMakeFiles/cmTC_1cba1.dir/CheckIncludeFile.c.o   -c /Users/delilah/CLionProjects/PeterDB-template/cmake-build-debug/googlelog-prefix/src/googlelog-build/CMakeFiles/CMakeTmp/CheckIncludeFile.c
In file included from /Users/delilah/CLionProjects/PeterDB-template/cmake-build-debug/googlelog-prefix/src/googlelog-build/CMakeFiles/CMakeTmp/CheckIncludeFile.c:1:
/Applications/Xcode.app/Contents/Developer/Platforms/MacOSX.platform/Developer/SDKs/MacOSX10.15.sdk/usr/include/ucontext.h:43:2: error: The deprecated ucontext routines require _XOPEN_SOURCE to be defined
#error The deprecated ucontext routines require _XOPEN_SOURCE to be defined
 ^
1 error generated.
make[5]: *** [CMakeFiles/cmTC_1cba1.dir/CheckIncludeFile.c.o] Error 1
make[4]: *** [cmTC_1cba1/fast] Error 2



Determining if the include file ext/slist exists failed with the following output:
Change Dir: /Users/delilah/CLionProjects/PeterDB-template/cmake-build-debug/googlelog-prefix/src/googlelog-build/CMakeFiles/CMakeTmp

Run Build Command(s):/usr/bin/make cmTC_63c25/fast && /Applications/Xcode.app/Contents/Developer/usr/bin/make  -f CMakeFiles/cmTC_63c25.dir/build.make CMakeFiles/cmTC_63c25.dir/build
Building CXX object CMakeFiles/cmTC_63c25.dir/CheckIncludeFile.cxx.o
/Applications/Xcode.app/Contents/Developer/Toolchains/XcodeDefault.xctoolchain/usr/bin/c++    -isysroot /Applications/Xcode.app/Contents/Developer/Platforms/MacOSX.platform/Developer/SDKs/MacOSX10.15.sdk   -o CMakeFiles/cmTC_63c25.dir/CheckIncludeFile.cxx.o -c /Users/delilah/CLionProjects/PeterDB-template/cmake-build-debug/googlelog-prefix/src/googlelog-build/CMakeFiles/CMakeTmp/CheckIncludeFile.cxx
/Users/delilah/CLionProjects/PeterDB-template/cmake-build-debug/googlelog-prefix/src/googlelog-build/CMakeFiles/CMakeTmp/CheckIncludeFile.cxx:1:10: fatal error: 'ext/slist' file not found
#include <ext/slist>
         ^~~~~~~~~~~
1 error generated.
make[5]: *** [CMakeFiles/cmTC_63c25.dir/CheckIncludeFile.cxx.o] Error 1
make[4]: *** [cmTC_63c25/fast] Error 2



Determining if the include file tr1/unordered_map exists failed with the following output:
Change Dir: /Users/delilah/CLionProjects/PeterDB-template/cmake-build-debug/googlelog-prefix/src/googlelog-build/CMakeFiles/CMakeTmp

Run Build Command(s):/usr/bin/make cmTC_5f80e/fast && /Applications/Xcode.app/Contents/Developer/usr/bin/make  -f CMakeFiles/cmTC_5f80e.dir/build.make CMakeFiles/cmTC_5f80e.dir/build
Building CXX object CMakeFiles/cmTC_5f80e.dir/CheckIncludeFile.cxx.o
/Applications/Xcode.app/Contents/Developer/Toolchains/XcodeDefault.xctoolchain/usr/bin/c++    -isysroot /Applications/Xcode.app/Contents/Developer/Platforms/MacOSX.platform/Developer/SDKs/MacOSX10.15.sdk   -o CMakeFiles/cmTC_5f80e.dir/CheckIncludeFile.cxx.o -c /Users/delilah/CLionProjects/PeterDB-template/cmake-build-debug/googlelog-prefix/src/googlelog-build/CMakeFiles/CMakeTmp/CheckIncludeFile.cxx
/Users/delilah/CLionProjects/PeterDB-template/cmake-build-debug/googlelog-prefix/src/googlelog-build/CMakeFiles/CMakeTmp/CheckIncludeFile.cxx:1:10: fatal error: 'tr1/unordered_map' file not found
#include <tr1/unordered_map>
         ^~~~~~~~~~~~~~~~~~~
1 error generated.
make[5]: *** [CMakeFiles/cmTC_5f80e.dir/CheckIncludeFile.cxx.o] Error 1
make[4]: *** [cmTC_5f80e/fast] Error 2



Determining if the include file tr1/unordered_set exists failed with the following output:
Change Dir: /Users/delilah/CLionProjects/PeterDB-template/cmake-build-debug/googlelog-prefix/src/googlelog-build/CMakeFiles/CMakeTmp

Run Build Command(s):/usr/bin/make cmTC_cca72/fast && /Applications/Xcode.app/Contents/Developer/usr/bin/make  -f CMakeFiles/cmTC_cca72.dir/build.make CMakeFiles/cmTC_cca72.dir/build
Building CXX object CMakeFiles/cmTC_cca72.dir/CheckIncludeFile.cxx.o
/Applications/Xcode.app/Contents/Developer/Toolchains/XcodeDefault.xctoolchain/usr/bin/c++    -isysroot /Applications/Xcode.app/Contents/Developer/Platforms/MacOSX.platform/Developer/SDKs/MacOSX10.15.sdk   -o CMakeFiles/cmTC_cca72.dir/CheckIncludeFile.cxx.o -c /Users/delilah/CLionProjects/PeterDB-template/cmake-build-debug/googlelog-prefix/src/googlelog-build/CMakeFiles/CMakeTmp/CheckIncludeFile.cxx
/Users/delilah/CLionProjects/PeterDB-template/cmake-build-debug/googlelog-prefix/src/googlelog-build/CMakeFiles/CMakeTmp/CheckIncludeFile.cxx:1:10: fatal error: 'tr1/unordered_set' file not found
#include <tr1/unordered_set>
         ^~~~~~~~~~~~~~~~~~~
1 error generated.
make[5]: *** [CMakeFiles/cmTC_cca72.dir/CheckIncludeFile.cxx.o] Error 1
make[4]: *** [cmTC_cca72/fast] Error 2



Determining size of unsigned __int16 failed with the following output:
Change Dir: /Users/delilah/CLionProjects/PeterDB-template/cmake-build-debug/googlelog-prefix/src/googlelog-build/CMakeFiles/CMakeTmp

Run Build Command(s):/usr/bin/make cmTC_9f79e/fast && /Applications/Xcode.app/Contents/Developer/usr/bin/make  -f CMakeFiles/cmTC_9f79e.dir/build.make CMakeFiles/cmTC_9f79e.dir/build
Building C object CMakeFiles/cmTC_9f79e.dir/HAVE___UINT16.c.o
/Applications/Xcode.app/Contents/Developer/Toolchains/XcodeDefault.xctoolchain/usr/bin/cc   -isysroot /Applications/Xcode.app/Contents/Developer/Platforms/MacOSX.platform/Developer/SDKs/MacOSX10.15.sdk   -o CMakeFiles/cmTC_9f79e.dir/HAVE___UINT16.c.o   -c /Users/delilah/CLionProjects/PeterDB-template/cmake-build-debug/googlelog-prefix/src/googlelog-build/CMakeFiles/CheckTypeSize/HAVE___UINT16.c
/Users/delilah/CLionProjects/PeterDB-template/cmake-build-debug/googlelog-prefix/src/googlelog-build/CMakeFiles/CheckTypeSize/HAVE___UINT16.c:25:12: error: expected ')'
  ('0' + ((SIZE / 10000)%10)),
           ^
/Users/delilah/CLionProjects/PeterDB-template/cmake-build-debug/googlelog-prefix/src/googlelog-build/CMakeFiles/CheckTypeSize/HAVE___UINT16.c:23:31: note: expanded from macro 'SIZE'
#define SIZE (sizeof(unsigned __int16))
                              ^
/Users/delilah/CLionProjects/PeterDB-template/cmake-build-debug/googlelog-prefix/src/googlelog-build/CMakeFiles/CheckTypeSize/HAVE___UINT16.c:25:12: note: to match this '('
/Users/delilah/CLionProjects/PeterDB-template/cmake-build-debug/googlelog-prefix/src/googlelog-build/CMakeFiles/CheckTypeSize/HAVE___UINT16.c:23:21: note: expanded from macro 'SIZE'
#define SIZE (sizeof(unsigned __int16))
                    ^
/Users/delilah/CLionProjects/PeterDB-template/cmake-build-debug/googlelog-prefix/src/googlelog-build/CMakeFiles/CheckTypeSize/HAVE___UINT16.c:26:12: error: expected ')'
  ('0' + ((SIZE / 1000)%10)),
           ^
/Users/delilah/CLionProjects/PeterDB-template/cmake-build-debug/googlelog-prefix/src/googlelog-build/CMakeFiles/CheckTypeSize/HAVE___UINT16.c:23:31: note: expanded from macro 'SIZE'
#define SIZE (sizeof(unsigned __int16))
                              ^
/Users/delilah/CLionProjects/PeterDB-template/cmake-build-debug/googlelog-prefix/src/googlelog-build/CMakeFiles/CheckTypeSize/HAVE___UINT16.c:26:12: note: to match this '('
/Users/delilah/CLionProjects/PeterDB-template/cmake-build-debug/googlelog-prefix/src/googlelog-build/CMakeFiles/CheckTypeSize/HAVE___UINT16.c:23:21: note: expanded from macro 'SIZE'
#define SIZE (sizeof(unsigned __int16))
                    ^
/Users/delilah/CLionProjects/PeterDB-template/cmake-build-debug/googlelog-prefix/src/googlelog-build/CMakeFiles/CheckTypeSize/HAVE___UINT16.c:27:12: error: expected ')'
  ('0' + ((SIZE / 100)%10)),
           ^
/Users/delilah/CLionProjects/PeterDB-template/cmake-build-debug/googlelog-prefix/src/googlelog-build/CMakeFiles/CheckTypeSize/HAVE___UINT16.c:23:31: note: expanded from macro 'SIZE'
#define SIZE (sizeof(unsigned __int16))
                              ^
/Users/delilah/CLionProjects/PeterDB-template/cmake-build-debug/googlelog-prefix/src/googlelog-build/CMakeFiles/CheckTypeSize/HAVE___UINT16.c:27:12: note: to match this '('
/Users/delilah/CLionProjects/PeterDB-template/cmake-build-debug/googlelog-prefix/src/googlelog-build/CMakeFiles/CheckTypeSize/HAVE___UINT16.c:23:21: note: expanded from macro 'SIZE'
#define SIZE (sizeof(unsigned __int16))
                    ^
/Users/delilah/CLionProjects/PeterDB-template/cmake-build-debug/googlelog-prefix/src/googlelog-build/CMakeFiles/CheckTypeSize/HAVE___UINT16.c:28:12: error: expected ')'
  ('0' + ((SIZE / 10)%10)),
           ^
/Users/delilah/CLionProjects/PeterDB-template/cmake-build-debug/googlelog-prefix/src/googlelog-build/CMakeFiles/CheckTypeSize/HAVE___UINT16.c:23:31: note: expanded from macro 'SIZE'
#define SIZE (sizeof(unsigned __int16))
                              ^
/Users/delilah/CLionProjects/PeterDB-template/cmake-build-debug/googlelog-prefix/src/googlelog-build/CMakeFiles/CheckTypeSize/HAVE___UINT16.c:28:12: note: to match this '('
/Users/delilah/CLionProjects/PeterDB-template/cmake-build-debug/googlelog-prefix/src/googlelog-build/CMakeFiles/CheckTypeSize/HAVE___UINT16.c:23:21: note: expanded from macro 'SIZE'
#define SIZE (sizeof(unsigned __int16))
                    ^
/Users/delilah/CLionProjects/PeterDB-template/cmake-build-debug/googlelog-prefix/src/googlelog-build/CMakeFiles/CheckTypeSize/HAVE___UINT16.c:29:12: error: expected ')'
  ('0' +  (SIZE    % 10)),
           ^
/Users/delilah/CLionProjects/PeterDB-template/cmake-build-debug/googlelog-prefix/src/googlelog-build/CMakeFiles/CheckTypeSize/HAVE___UINT16.c:23:31: note: expanded from macro 'SIZE'
#define SIZE (sizeof(unsigned __int16))
                              ^
/Users/delilah/CLionProjects/PeterDB-template/cmake-build-debug/googlelog-prefix/src/googlelog-build/CMakeFiles/CheckTypeSize/HAVE___UINT16.c:29:12: note: to match this '('
/Users/delilah/CLionProjects/PeterDB-template/cmake-build-debug/googlelog-prefix/src/googlelog-build/CMakeFiles/CheckTypeSize/HAVE___UINT16.c:23:21: note: expanded from macro 'SIZE'
#define SIZE (sizeof(unsigned __int16))
                    ^
5 errors generated.
make[5]: *** [CMakeFiles/cmTC_9f79e.dir/HAVE___UINT16.c.o] Error 1
make[4]: *** [cmTC_9f79e/fast] Error 2


/Users/delilah/CLionProjects/PeterDB-template/cmake-build-debug/googlelog-prefix/src/googlelog-build/CMakeFiles/CheckTypeSize/HAVE___UINT16.c:
#include <sys/types.h>
#include <stdint.h>
#include <stddef.h>


#undef KEY
#if defined(__i386)
# define KEY '_','_','i','3','8','6'
#elif defined(__x86_64)
# define KEY '_','_','x','8','6','_','6','4'
#elif defined(__ppc__)
# define KEY '_','_','p','p','c','_','_'
#elif defined(__ppc64__)
# define KEY '_','_','p','p','c','6','4','_','_'
#elif defined(__aarch64__)
# define KEY '_','_','a','a','r','c','h','6','4','_','_'
#elif defined(__ARM_ARCH_7A__)
# define KEY '_','_','A','R','M','_','A','R','C','H','_','7','A','_','_'
#elif defined(__ARM_ARCH_7S__)
# define KEY '_','_','A','R','M','_','A','R','C','H','_','7','S','_','_'
#endif

#define SIZE (sizeof(unsigned __int16))
static char info_size[] =  {'I', 'N', 'F', 'O', ':', 's','i','z','e','[',
  ('0' + ((SIZE / 10000)%10)),
  ('0' + ((SIZE / 1000)%10)),
  ('0' + ((SIZE / 100)%10)),
  ('0' + ((SIZE / 10)%10)),
  ('0' +  (SIZE    % 10)),
  ']',
#ifdef KEY
  ' ','k','e','y','[', KEY, ']',
#endif
  '\0'};

#ifdef __CLASSIC_C__
int main(argc, argv) int argc; char *argv[];
#else
int main(int argc, char *argv[])
#endif
{
  int require = 0;
  require += info_size[argc];
  (void)argv;
  return require;
}


Determining if the function UnDecorateSymbolName exists in the dbghelp failed with the following output:
Change Dir: /Users/delilah/CLionProjects/PeterDB-template/cmake-build-debug/googlelog-prefix/src/googlelog-build/CMakeFiles/CMakeTmp

Run Build Command(s):/usr/bin/make cmTC_99d17/fast && /Applications/Xcode.app/Contents/Developer/usr/bin/make  -f CMakeFiles/cmTC_99d17.dir/build.make CMakeFiles/cmTC_99d17.dir/build
Building C object CMakeFiles/cmTC_99d17.dir/CheckFunctionExists.c.o
/Applications/Xcode.app/Contents/Developer/Toolchains/XcodeDefault.xctoolchain/usr/bin/cc   -DCHECK_FUNCTION_EXISTS=UnDecorateSymbolName -isysroot /Applications/Xcode.app/Contents/Developer/Platforms/MacOSX.platform/Developer/SDKs/MacOSX10.15.sdk   -o CMakeFiles/cmTC_99d17.dir/CheckFunctionExists.c.o   -c /Applications/CLion.app/Contents/bin/cmake/mac/share/cmake-3.17/Modules/CheckFunctionExists.c
Linking C executable cmTC_99d17
/Applications/CLion.app/Contents/bin/cmake/mac/bin/cmake -E cmake_link_script CMakeFiles/cmTC_99d17.dir/link.txt --verbose=1
/Applications/Xcode.app/Contents/Developer/Toolchains/XcodeDefault.xctoolchain/usr/bin/cc  -DCHECK_FUNCTION_EXISTS=UnDecorateSymbolName -isysroot /Applications/Xcode.app/Contents/Developer/Platforms/MacOSX.platform/Developer/SDKs/MacOSX10.15.sdk -Wl,-search_paths_first -Wl,-headerpad_max_install_names   CMakeFiles/cmTC_99d17.dir/CheckFunctionExists.c.o  -o cmTC_99d17  -ldbghelp 
ld: library not found for -ldbghelp
clang: error: linker command failed with exit code 1 (use -v to see invocation)
make[5]: *** [cmTC_99d17] Error 1
make[4]: *** [cmTC_99d17/fast] Error 2



Performing C SOURCE FILE Test HAVE___DECLSPEC failed with the following output:
Change Dir: /Users/delilah/CLionProjects/PeterDB-template/cmake-build-debug/googlelog-prefix/src/googlelog-build/CMakeFiles/CMakeTmp

Run Build Command(s):/usr/bin/make cmTC_b3279/fast && /Applications/Xcode.app/Contents/Developer/usr/bin/make  -f CMakeFiles/cmTC_b3279.dir/build.make CMakeFiles/cmTC_b3279.dir/build
Building C object CMakeFiles/cmTC_b3279.dir/src.c.o
/Applications/Xcode.app/Contents/Developer/Toolchains/XcodeDefault.xctoolchain/usr/bin/cc   -DHAVE___DECLSPEC -isysroot /Applications/Xcode.app/Contents/Developer/Platforms/MacOSX.platform/Developer/SDKs/MacOSX10.15.sdk   -o CMakeFiles/cmTC_b3279.dir/src.c.o   -c /Users/delilah/CLionProjects/PeterDB-template/cmake-build-debug/googlelog-prefix/src/googlelog-build/CMakeFiles/CMakeTmp/src.c
/Users/delilah/CLionProjects/PeterDB-template/cmake-build-debug/googlelog-prefix/src/googlelog-build/CMakeFiles/CMakeTmp/src.c:2:1: error: '__declspec' attributes are not enabled; use '-fdeclspec' or '-fms-extensions' to enable support for __declspec attributes
__declspec(selectany) int a;
^
1 error generated.
make[5]: *** [CMakeFiles/cmTC_b3279.dir/src.c.o] Error 1
make[4]: *** [cmTC_b3279/fast] Error 2


Source file was:

__declspec(selectany) int a;
int main(void) { return 0; }

Performing C++ SOURCE FILE Test STL_NO_NAMESPACE failed with the following output:
Change Dir: /Users/delilah/CLionProjects/PeterDB-template/cmake-build-debug/googlelog-prefix/src/googlelog-build/CMakeFiles/CMakeTmp

Run Build Command(s):/usr/bin/make cmTC_781ec/fast && /Applications/Xcode.app/Contents/Developer/usr/bin/make  -f CMakeFiles/cmTC_781ec.dir/build.make CMakeFiles/cmTC_781ec.dir/build
Building CXX object CMakeFiles/cmTC_781ec.dir/src.cxx.o
/Applications/Xcode.app/Contents/Developer/Toolchains/XcodeDefault.xctoolchain/usr/bin/c++    -DSTL_NO_NAMESPACE -isysroot /Applications/Xcode.app/Contents/Developer/Platforms/MacOSX.platform/Developer/SDKs/MacOSX10.15.sdk   -o CMakeFiles/cmTC_781ec.dir/src.cxx.o -c /Users/delilah/CLionProjects/PeterDB-template/cmake-build-debug/googlelog-prefix/src/googlelog-build/CMakeFiles/CMakeTmp/src.cxx
/Users/delilah/CLionProjects/PeterDB-template/cmake-build-debug/googlelog-prefix/src/googlelog-build/CMakeFiles/CMakeTmp/src.cxx:3:1: error: no template named 'vector'; did you mean 'std::vector'?
vector<int> t; int main() { }
^~~~~~
std::vector
/Applications/Xcode.app/Contents/Developer/Toolchains/XcodeDefault.xctoolchain/usr/bin/../include/c++/v1/vector:469:28: note: 'std::vector' declared here
class _LIBCPP_TEMPLATE_VIS vector
                           ^
1 error generated.
make[5]: *** [CMakeFiles/cmTC_781ec.dir/src.cxx.o] Error 1
make[4]: *** [cmTC_781ec/fast] Error 2


Source file was:

#include <vector>
vector<int> t; int main() { }

Performing C++ SOURCE FILE Test HAVE_MSVC_TLS failed with the following output:
Change Dir: /Users/delilah/CLionProjects/PeterDB-template/cmake-build-debug/googlelog-prefix/src/googlelog-build/CMakeFiles/CMakeTmp

Run Build Command(s):/usr/bin/make cmTC_5d88e/fast && /Applications/Xcode.app/Contents/Developer/usr/bin/make  -f CMakeFiles/cmTC_5d88e.dir/build.make CMakeFiles/cmTC_5d88e.dir/build
Building CXX object CMakeFiles/cmTC_5d88e.dir/src.cxx.o
/Applications/Xcode.app/Contents/Developer/Toolchains/XcodeDefault.xctoolchain/usr/bin/c++    -DHAVE_MSVC_TLS -isysroot /Applications/Xcode.app/Contents/Developer/Platforms/MacOSX.platform/Developer/SDKs/MacOSX10.15.sdk   -o CMakeFiles/cmTC_5d88e.dir/src.cxx.o -c /Users/delilah/CLionProjects/PeterDB-template/cmake-build-debug/googlelog-prefix/src/googlelog-build/CMakeFiles/CMakeTmp/src.cxx
/Users/delilah/CLionProjects/PeterDB-template/cmake-build-debug/googlelog-prefix/src/googlelog-build/CMakeFiles/CMakeTmp/src.cxx:2:1: error: '__declspec' attributes are not enabled; use '-fdeclspec' or '-fms-extensions' to enable support for __declspec attributes
__declspec(thread) int tls;
^
1 error generated.
make[5]: *** [CMakeFiles/cmTC_5d88e.dir/src.cxx.o] Error 1
make[4]: *** [cmTC_5d88e/fast] Error 2


Source file was:

__declspec(thread) int tls;
int main() { }

Performing C++ SOURCE FILE Test HAVE_CXX11_TLS failed with the following output:
Change Dir: /Users/delilah/CLionProjects/PeterDB-template/cmake-build-debug/googlelog-prefix/src/googlelog-build/CMakeFiles/CMakeTmp

Run Build Command(s):/usr/bin/make cmTC_c8ee7/fast && /Applications/Xcode.app/Contents/Developer/usr/bin/make  -f CMakeFiles/cmTC_c8ee7.dir/build.make CMakeFiles/cmTC_c8ee7.dir/build
Building CXX object CMakeFiles/cmTC_c8ee7.dir/src.cxx.o
/Applications/Xcode.app/Contents/Developer/Toolchains/XcodeDefault.xctoolchain/usr/bin/c++    -DHAVE_CXX11_TLS -isysroot /Applications/Xcode.app/Contents/Developer/Platforms/MacOSX.platform/Developer/SDKs/MacOSX10.15.sdk   -o CMakeFiles/cmTC_c8ee7.dir/src.cxx.o -c /Users/delilah/CLionProjects/PeterDB-template/cmake-build-debug/googlelog-prefix/src/googlelog-build/CMakeFiles/CMakeTmp/src.cxx
/Users/delilah/CLionProjects/PeterDB-template/cmake-build-debug/googlelog-prefix/src/googlelog-build/CMakeFiles/CMakeTmp/src.cxx:2:1: error: unknown type name 'thread_local'
thread_local int tls;
^
1 error generated.
make[5]: *** [CMakeFiles/cmTC_c8ee7.dir/src.cxx.o] Error 1
make[4]: *** [cmTC_c8ee7/fast] Error 2


Source file was:

thread_local int tls;
int main() { }

Performing C++ SOURCE FILE Test HAVE_ALIGNED_STORAGE failed with the following output:
Change Dir: /Users/delilah/CLionProjects/PeterDB-template/cmake-build-debug/googlelog-prefix/src/googlelog-build/CMakeFiles/CMakeTmp

Run Build Command(s):/usr/bin/make cmTC_3509e/fast && /Applications/Xcode.app/Contents/Developer/usr/bin/make  -f CMakeFiles/cmTC_3509e.dir/build.make CMakeFiles/cmTC_3509e.dir/build
Building CXX object CMakeFiles/cmTC_3509e.dir/src.cxx.o
/Applications/Xcode.app/Contents/Developer/Toolchains/XcodeDefault.xctoolchain/usr/bin/c++    -DHAVE_ALIGNED_STORAGE -isysroot /Applications/Xcode.app/Contents/Developer/Platforms/MacOSX.platform/Developer/SDKs/MacOSX10.15.sdk   -o CMakeFiles/cmTC_3509e.dir/src.cxx.o -c /Users/delilah/CLionProjects/PeterDB-template/cmake-build-debug/googlelog-prefix/src/googlelog-build/CMakeFiles/CMakeTmp/src.cxx
/Users/delilah/CLionProjects/PeterDB-template/cmake-build-debug/googlelog-prefix/src/googlelog-build/CMakeFiles/CMakeTmp/src.cxx:3:48: error: expected '(' for function-style cast or type construction
std::aligned_storage<sizeof(char), alignof(char)>::type data;
                                           ~~~~^
/Users/delilah/CLionProjects/PeterDB-template/cmake-build-debug/googlelog-prefix/src/googlelog-build/CMakeFiles/CMakeTmp/src.cxx:3:52: warning: extra qualification on member 'type' [-Wextra-qualification]
std::aligned_storage<sizeof(char), alignof(char)>::type data;
                                                   ^
/Users/delilah/CLionProjects/PeterDB-template/cmake-build-debug/googlelog-prefix/src/googlelog-build/CMakeFiles/CMakeTmp/src.cxx:3:52: error: no member named 'type' in the global namespace
std::aligned_storage<sizeof(char), alignof(char)>::type data;
                                                 ~~^
/Users/delilah/CLionProjects/PeterDB-template/cmake-build-debug/googlelog-prefix/src/googlelog-build/CMakeFiles/CMakeTmp/src.cxx:3:56: error: expected ';' after top level declarator
std::aligned_storage<sizeof(char), alignof(char)>::type data;
                                                       ^
                                                       ;
1 warning and 3 errors generated.
make[5]: *** [CMakeFiles/cmTC_3509e.dir/src.cxx.o] Error 1
make[4]: *** [cmTC_3509e/fast] Error 2


Source file was:

#include <type_traits>
std::aligned_storage<sizeof(char), alignof(char)>::type data;
int main() { }

